{"C:\\Users\\Usuario\\Desktop\\desafio-db\\StartDB2024\\src\\recintos-zoo.js": {"path":"C:\\Users\\Usuario\\Desktop\\desafio-db\\StartDB2024\\src\\recintos-zoo.js","all":false,"statementMap":{"0":{"start":{"line":1,"column":0},"end":{"line":1,"column":18}},"1":{"start":{"line":2,"column":0},"end":{"line":2,"column":78}},"2":{"start":{"line":3,"column":0},"end":{"line":3,"column":82}},"3":{"start":{"line":4,"column":0},"end":{"line":4,"column":80}},"4":{"start":{"line":5,"column":0},"end":{"line":5,"column":93}},"5":{"start":{"line":6,"column":0},"end":{"line":6,"column":81}},"6":{"start":{"line":7,"column":0},"end":{"line":7,"column":109}},"7":{"start":{"line":8,"column":0},"end":{"line":8,"column":2}},"8":{"start":{"line":9,"column":0},"end":{"line":9,"column":0}},"9":{"start":{"line":10,"column":0},"end":{"line":10,"column":15}},"10":{"start":{"line":11,"column":0},"end":{"line":11,"column":65}},"11":{"start":{"line":12,"column":0},"end":{"line":12,"column":29}},"12":{"start":{"line":13,"column":0},"end":{"line":13,"column":27}},"13":{"start":{"line":14,"column":0},"end":{"line":14,"column":41}},"14":{"start":{"line":15,"column":0},"end":{"line":15,"column":52}},"15":{"start":{"line":16,"column":0},"end":{"line":16,"column":5}},"16":{"start":{"line":17,"column":0},"end":{"line":17,"column":0}},"17":{"start":{"line":18,"column":0},"end":{"line":18,"column":27}},"18":{"start":{"line":19,"column":0},"end":{"line":19,"column":78}},"19":{"start":{"line":20,"column":0},"end":{"line":20,"column":86}},"20":{"start":{"line":21,"column":0},"end":{"line":21,"column":40}},"21":{"start":{"line":22,"column":0},"end":{"line":22,"column":14}},"22":{"start":{"line":23,"column":0},"end":{"line":23,"column":49}},"23":{"start":{"line":24,"column":0},"end":{"line":24,"column":5}},"24":{"start":{"line":25,"column":0},"end":{"line":25,"column":1}},"25":{"start":{"line":26,"column":0},"end":{"line":26,"column":0}},"26":{"start":{"line":27,"column":0},"end":{"line":27,"column":19}},"27":{"start":{"line":28,"column":0},"end":{"line":28,"column":19}},"28":{"start":{"line":29,"column":0},"end":{"line":29,"column":25}},"29":{"start":{"line":30,"column":0},"end":{"line":30,"column":81}},"30":{"start":{"line":31,"column":0},"end":{"line":31,"column":46}},"31":{"start":{"line":32,"column":0},"end":{"line":32,"column":86}},"32":{"start":{"line":33,"column":0},"end":{"line":33,"column":41}},"33":{"start":{"line":34,"column":0},"end":{"line":34,"column":77}},"34":{"start":{"line":35,"column":0},"end":{"line":35,"column":10}},"35":{"start":{"line":36,"column":0},"end":{"line":36,"column":5}},"36":{"start":{"line":37,"column":0},"end":{"line":37,"column":0}},"37":{"start":{"line":38,"column":0},"end":{"line":38,"column":41}},"38":{"start":{"line":39,"column":0},"end":{"line":39,"column":32}},"39":{"start":{"line":40,"column":0},"end":{"line":40,"column":47}},"40":{"start":{"line":41,"column":0},"end":{"line":41,"column":9}},"41":{"start":{"line":42,"column":0},"end":{"line":42,"column":30}},"42":{"start":{"line":43,"column":0},"end":{"line":43,"column":51}},"43":{"start":{"line":44,"column":0},"end":{"line":44,"column":9}},"44":{"start":{"line":45,"column":0},"end":{"line":45,"column":20}},"45":{"start":{"line":46,"column":0},"end":{"line":46,"column":5}},"46":{"start":{"line":47,"column":0},"end":{"line":47,"column":0}},"47":{"start":{"line":48,"column":0},"end":{"line":48,"column":48}},"48":{"start":{"line":49,"column":0},"end":{"line":49,"column":45}},"49":{"start":{"line":50,"column":0},"end":{"line":50,"column":8}},"50":{"start":{"line":51,"column":0},"end":{"line":51,"column":58}},"51":{"start":{"line":52,"column":0},"end":{"line":52,"column":25}},"52":{"start":{"line":53,"column":0},"end":{"line":53,"column":9}},"53":{"start":{"line":54,"column":0},"end":{"line":54,"column":0}},"54":{"start":{"line":55,"column":0},"end":{"line":55,"column":76}},"55":{"start":{"line":56,"column":0},"end":{"line":56,"column":69}},"56":{"start":{"line":57,"column":0},"end":{"line":57,"column":41}},"57":{"start":{"line":58,"column":0},"end":{"line":58,"column":29}},"58":{"start":{"line":59,"column":0},"end":{"line":59,"column":13}},"59":{"start":{"line":60,"column":0},"end":{"line":60,"column":9}},"60":{"start":{"line":61,"column":0},"end":{"line":61,"column":0}},"61":{"start":{"line":62,"column":0},"end":{"line":62,"column":64}},"62":{"start":{"line":63,"column":0},"end":{"line":63,"column":51}},"63":{"start":{"line":64,"column":0},"end":{"line":64,"column":34}},"64":{"start":{"line":65,"column":0},"end":{"line":65,"column":9}},"65":{"start":{"line":66,"column":0},"end":{"line":66,"column":0}},"66":{"start":{"line":67,"column":0},"end":{"line":67,"column":58}},"67":{"start":{"line":68,"column":0},"end":{"line":68,"column":47}},"68":{"start":{"line":69,"column":0},"end":{"line":69,"column":5}},"69":{"start":{"line":70,"column":0},"end":{"line":70,"column":0}},"70":{"start":{"line":71,"column":0},"end":{"line":71,"column":41}},"71":{"start":{"line":72,"column":0},"end":{"line":72,"column":62}},"72":{"start":{"line":73,"column":0},"end":{"line":73,"column":30}},"73":{"start":{"line":74,"column":0},"end":{"line":74,"column":0}},"74":{"start":{"line":75,"column":0},"end":{"line":75,"column":45}},"75":{"start":{"line":76,"column":0},"end":{"line":76,"column":79}},"76":{"start":{"line":77,"column":0},"end":{"line":77,"column":29}},"77":{"start":{"line":78,"column":0},"end":{"line":78,"column":108}},"78":{"start":{"line":79,"column":0},"end":{"line":79,"column":113}},"79":{"start":{"line":80,"column":0},"end":{"line":80,"column":15}},"80":{"start":{"line":81,"column":0},"end":{"line":81,"column":0}},"81":{"start":{"line":82,"column":0},"end":{"line":82,"column":43}},"82":{"start":{"line":83,"column":0},"end":{"line":83,"column":53}},"83":{"start":{"line":84,"column":0},"end":{"line":84,"column":9}},"84":{"start":{"line":85,"column":0},"end":{"line":85,"column":0}},"85":{"start":{"line":86,"column":0},"end":{"line":86,"column":35}},"86":{"start":{"line":87,"column":0},"end":{"line":87,"column":5}},"87":{"start":{"line":88,"column":0},"end":{"line":88,"column":1}},"88":{"start":{"line":89,"column":0},"end":{"line":89,"column":0}},"89":{"start":{"line":90,"column":0},"end":{"line":90,"column":38}}},"s":{"0":1,"1":1,"2":1,"3":1,"4":1,"5":1,"6":1,"7":1,"8":1,"9":1,"10":1,"11":25,"12":25,"13":25,"14":25,"15":25,"16":1,"17":1,"18":14,"19":9,"20":9,"21":14,"22":14,"23":14,"24":1,"25":1,"26":1,"27":1,"28":5,"29":5,"30":5,"31":5,"32":5,"33":5,"34":5,"35":5,"36":1,"37":1,"38":5,"39":1,"40":1,"41":5,"42":1,"43":1,"44":3,"45":3,"46":1,"47":1,"48":15,"49":15,"50":15,"51":5,"52":5,"53":10,"54":15,"55":1,"56":1,"57":1,"58":1,"59":1,"60":9,"61":9,"62":15,"63":6,"64":6,"65":9,"66":9,"67":9,"68":9,"69":1,"70":1,"71":5,"72":5,"73":3,"74":3,"75":3,"76":3,"77":5,"78":5,"79":3,"80":3,"81":5,"82":1,"83":1,"84":2,"85":2,"86":2,"87":1,"88":1,"89":1},"branchMap":{"0":{"type":"branch","line":11,"loc":{"start":{"line":11,"column":4},"end":{"line":16,"column":5}},"locations":[{"start":{"line":11,"column":4},"end":{"line":16,"column":5}}]},"1":{"type":"branch","line":18,"loc":{"start":{"line":18,"column":4},"end":{"line":24,"column":5}},"locations":[{"start":{"line":18,"column":4},"end":{"line":24,"column":5}}]},"2":{"type":"branch","line":19,"loc":{"start":{"line":19,"column":58},"end":{"line":22,"column":9}},"locations":[{"start":{"line":19,"column":58},"end":{"line":22,"column":9}}]},"3":{"type":"branch","line":28,"loc":{"start":{"line":28,"column":4},"end":{"line":36,"column":5}},"locations":[{"start":{"line":28,"column":4},"end":{"line":36,"column":5}}]},"4":{"type":"branch","line":38,"loc":{"start":{"line":38,"column":4},"end":{"line":46,"column":5}},"locations":[{"start":{"line":38,"column":4},"end":{"line":46,"column":5}}]},"5":{"type":"branch","line":39,"loc":{"start":{"line":39,"column":31},"end":{"line":41,"column":9}},"locations":[{"start":{"line":39,"column":31},"end":{"line":41,"column":9}}]},"6":{"type":"branch","line":41,"loc":{"start":{"line":41,"column":8},"end":{"line":42,"column":29}},"locations":[{"start":{"line":41,"column":8},"end":{"line":42,"column":29}}]},"7":{"type":"branch","line":42,"loc":{"start":{"line":42,"column":29},"end":{"line":44,"column":9}},"locations":[{"start":{"line":42,"column":29},"end":{"line":44,"column":9}}]},"8":{"type":"branch","line":44,"loc":{"start":{"line":44,"column":8},"end":{"line":46,"column":5}},"locations":[{"start":{"line":44,"column":8},"end":{"line":46,"column":5}}]},"9":{"type":"branch","line":48,"loc":{"start":{"line":48,"column":4},"end":{"line":69,"column":5}},"locations":[{"start":{"line":48,"column":4},"end":{"line":69,"column":5}}]},"10":{"type":"branch","line":51,"loc":{"start":{"line":51,"column":57},"end":{"line":53,"column":9}},"locations":[{"start":{"line":51,"column":57},"end":{"line":53,"column":9}}]},"11":{"type":"branch","line":53,"loc":{"start":{"line":53,"column":8},"end":{"line":55,"column":37}},"locations":[{"start":{"line":53,"column":8},"end":{"line":55,"column":37}}]},"12":{"type":"branch","line":55,"loc":{"start":{"line":55,"column":33},"end":{"line":55,"column":73}},"locations":[{"start":{"line":55,"column":33},"end":{"line":55,"column":73}}]},"13":{"type":"branch","line":55,"loc":{"start":{"line":55,"column":75},"end":{"line":60,"column":9}},"locations":[{"start":{"line":55,"column":75},"end":{"line":60,"column":9}}]},"14":{"type":"branch","line":60,"loc":{"start":{"line":60,"column":8},"end":{"line":63,"column":50}},"locations":[{"start":{"line":60,"column":8},"end":{"line":63,"column":50}}]},"15":{"type":"branch","line":63,"loc":{"start":{"line":63,"column":50},"end":{"line":65,"column":9}},"locations":[{"start":{"line":63,"column":50},"end":{"line":65,"column":9}}]},"16":{"type":"branch","line":65,"loc":{"start":{"line":65,"column":8},"end":{"line":69,"column":5}},"locations":[{"start":{"line":65,"column":8},"end":{"line":69,"column":5}}]},"17":{"type":"branch","line":71,"loc":{"start":{"line":71,"column":4},"end":{"line":87,"column":5}},"locations":[{"start":{"line":71,"column":4},"end":{"line":87,"column":5}}]},"18":{"type":"branch","line":73,"loc":{"start":{"line":73,"column":18},"end":{"line":73,"column":30}},"locations":[{"start":{"line":73,"column":18},"end":{"line":73,"column":30}}]},"19":{"type":"branch","line":73,"loc":{"start":{"line":73,"column":29},"end":{"line":82,"column":42}},"locations":[{"start":{"line":73,"column":29},"end":{"line":82,"column":42}}]},"20":{"type":"branch","line":82,"loc":{"start":{"line":82,"column":42},"end":{"line":84,"column":9}},"locations":[{"start":{"line":82,"column":42},"end":{"line":84,"column":9}}]},"21":{"type":"branch","line":84,"loc":{"start":{"line":84,"column":8},"end":{"line":87,"column":5}},"locations":[{"start":{"line":84,"column":8},"end":{"line":87,"column":5}}]},"22":{"type":"branch","line":76,"loc":{"start":{"line":76,"column":20},"end":{"line":76,"column":78}},"locations":[{"start":{"line":76,"column":20},"end":{"line":76,"column":78}}]},"23":{"type":"branch","line":77,"loc":{"start":{"line":77,"column":17},"end":{"line":80,"column":13}},"locations":[{"start":{"line":77,"column":17},"end":{"line":80,"column":13}}]}},"b":{"0":[25],"1":[14],"2":[9],"3":[5],"4":[5],"5":[1],"6":[4],"7":[1],"8":[3],"9":[15],"10":[5],"11":[10],"12":[2],"13":[1],"14":[9],"15":[6],"16":[9],"17":[5],"18":[2],"19":[3],"20":[1],"21":[2],"22":[15],"23":[5]},"fnMap":{"0":{"name":"Recinto","decl":{"start":{"line":11,"column":4},"end":{"line":16,"column":5}},"loc":{"start":{"line":11,"column":4},"end":{"line":16,"column":5}},"line":11},"1":{"name":"calcularEspacoLivre","decl":{"start":{"line":18,"column":4},"end":{"line":24,"column":5}},"loc":{"start":{"line":18,"column":4},"end":{"line":24,"column":5}},"line":18},"2":{"name":"RecintosZoo","decl":{"start":{"line":28,"column":4},"end":{"line":36,"column":5}},"loc":{"start":{"line":28,"column":4},"end":{"line":36,"column":5}},"line":28},"3":{"name":"validarEntradas","decl":{"start":{"line":38,"column":4},"end":{"line":46,"column":5}},"loc":{"start":{"line":38,"column":4},"end":{"line":46,"column":5}},"line":38},"4":{"name":"recintoViavel","decl":{"start":{"line":48,"column":4},"end":{"line":69,"column":5}},"loc":{"start":{"line":48,"column":4},"end":{"line":69,"column":5}},"line":48},"5":{"name":"analisaRecintos","decl":{"start":{"line":71,"column":4},"end":{"line":87,"column":5}},"loc":{"start":{"line":71,"column":4},"end":{"line":87,"column":5}},"line":71}},"f":{"0":25,"1":14,"2":5,"3":5,"4":15,"5":5}}
}
