TN:
SF:src\recintos-zoo.js
FN:11,Recinto
FN:18,calcularEspacoLivre
FN:28,RecintosZoo
FN:38,validarEntradas
FN:48,recintoViavel
FN:71,analisaRecintos
FNF:6
FNH:6
FNDA:25,Recinto
FNDA:14,calcularEspacoLivre
FNDA:5,RecintosZoo
FNDA:5,validarEntradas
FNDA:15,recintoViavel
FNDA:5,analisaRecintos
DA:1,1
DA:2,1
DA:3,1
DA:4,1
DA:5,1
DA:6,1
DA:7,1
DA:8,1
DA:9,1
DA:10,1
DA:11,1
DA:12,25
DA:13,25
DA:14,25
DA:15,25
DA:16,25
DA:17,1
DA:18,1
DA:19,14
DA:20,9
DA:21,9
DA:22,14
DA:23,14
DA:24,14
DA:25,1
DA:26,1
DA:27,1
DA:28,1
DA:29,5
DA:30,5
DA:31,5
DA:32,5
DA:33,5
DA:34,5
DA:35,5
DA:36,5
DA:37,1
DA:38,1
DA:39,5
DA:40,1
DA:41,1
DA:42,5
DA:43,1
DA:44,1
DA:45,3
DA:46,3
DA:47,1
DA:48,1
DA:49,15
DA:50,15
DA:51,15
DA:52,5
DA:53,5
DA:54,10
DA:55,15
DA:56,1
DA:57,1
DA:58,1
DA:59,1
DA:60,1
DA:61,9
DA:62,9
DA:63,15
DA:64,6
DA:65,6
DA:66,9
DA:67,9
DA:68,9
DA:69,9
DA:70,1
DA:71,1
DA:72,5
DA:73,5
DA:74,3
DA:75,3
DA:76,3
DA:77,3
DA:78,5
DA:79,5
DA:80,3
DA:81,3
DA:82,5
DA:83,1
DA:84,1
DA:85,2
DA:86,2
DA:87,2
DA:88,1
DA:89,1
DA:90,1
LF:90
LH:90
BRDA:11,0,0,25
BRDA:18,1,0,14
BRDA:19,2,0,9
BRDA:28,3,0,5
BRDA:38,4,0,5
BRDA:39,5,0,1
BRDA:41,6,0,4
BRDA:42,7,0,1
BRDA:44,8,0,3
BRDA:48,9,0,15
BRDA:51,10,0,5
BRDA:53,11,0,10
BRDA:55,12,0,2
BRDA:55,13,0,1
BRDA:60,14,0,9
BRDA:63,15,0,6
BRDA:65,16,0,9
BRDA:71,17,0,5
BRDA:73,18,0,2
BRDA:73,19,0,3
BRDA:82,20,0,1
BRDA:84,21,0,2
BRDA:76,22,0,15
BRDA:77,23,0,5
BRF:24
BRH:24
end_of_record
